[2025-05-25 05:07:48] Sent to jmjonatas4@gmail.com
[2025-05-25 05:08:16] Sent to jmjonatas4@gmail.com
[2025-05-25 05:08:41] Sent to jmjonatas4@gmail.com
[2025-05-25 06:12:49] Sent to jmjonatas4@gmail.com
[2025-05-25 06:12:49] Sent to admin2@gmail.com
[2025-05-25 06:13:18] Sent to jmjonatas4@gmail.com
[2025-05-25 06:13:18] Sent to admin2@gmail.com
[2025-05-25 06:13:49] Sent to jmjonatas4@gmail.com
[2025-05-25 06:13:49] Sent to admin2@gmail.com
[2025-05-25 06:14:19] Sent to jmjonatas4@gmail.com
[2025-05-25 06:14:37] Sent to jmjonatas4@gmail.com
[2025-05-25 06:14:37] Sent to admin2@gmail.com
[2025-05-25 06:15:08] Sent to jmjonatas4@gmail.com
[2025-05-25 06:15:08] Sent to admin2@gmail.com
[2025-05-25 06:15:29] Sent to jmjonatas4@gmail.com
[2025-05-25 06:15:29] Sent to admin2@gmail.com
[2025-05-25 06:15:38] Sent to jmjonatas4@gmail.com
[2025-05-25 06:15:38] Sent to admin2@gmail.com
[2025-05-25 06:15:57] Sent to jmjonatas4@gmail.com
[2025-05-25 06:15:57] Sent to admin2@gmail.com
[2025-05-25 06:16:07] Sent to jmjonatas4@gmail.com
[2025-05-25 06:16:07] Sent to admin2@gmail.com
[2025-05-25 06:16:28] Sent to jg.jonatas.au@phinmaed.com
[2025-05-25 06:16:29] Sent to jg.jonatas.au@phinmaed.com
[2025-05-25 06:16:29] Sent to admin2@gmail.com
[2025-05-25 06:16:28] Sent to admin2@gmail.com
[2025-05-25 06:16:53] Sent to jg.jonatas.au@phinmaed.com
[2025-05-25 06:16:53] Sent to admin2@gmail.com
[2025-05-25 06:16:59] Sent to jg.jonatas.au@phinmaed.com
[2025-05-25 06:16:59] Sent to jg.jonatas.au@phinmaed.com
[2025-05-25 06:16:59] Sent to admin2@gmail.com
[2025-05-25 06:16:59] Sent to admin2@gmail.com
[2025-05-25 06:17:24] Sent to jg.jonatas.au@phinmaed.com
[2025-05-25 06:17:24] Sent to admin2@gmail.com
[2025-05-25 06:17:32] Sent to jg.jonatas.au@phinmaed.com
[2025-05-25 06:17:32] Sent to admin2@gmail.com
[2025-05-25 06:17:55] Sent to jg.jonatas.au@phinmaed.com
[2025-05-25 06:17:55] Sent to admin2@gmail.com
[2025-05-25 06:18:03] Sent to jg.jonatas.au@phinmaed.com
[2025-05-25 06:18:03] Sent to admin2@gmail.com
[2025-05-25 06:18:33] Sent to jg.jonatas.au@phinmaed.com
[2025-05-25 06:18:33] Sent to admin2@gmail.com
[2025-05-27 00:43:58] Sent to jg.jonatas.au@phinmaed.com
[2025-05-27 00:43:59] Sent to jg.jonatas.au@phinmaed.com
[2025-05-27 00:44:00] Sent to jg.jonatas.au@phinmaed.com
[2025-05-27 00:44:01] Sent to jg.jonatas.au@phinmaed.com
[2025-05-27 00:44:02] Sent to jg.jonatas.au@phinmaed.com
[2025-05-27 00:44:03] Sent to jg.jonatas.au@phinmaed.com
[2025-05-27 00:44:04] Sent to jg.jonatas.au@phinmaed.com
[2025-05-27 00:44:06] Sent to jg.jonatas.au@phinmaed.com
[2025-05-27 00:44:07] Sent to jg.jonatas.au@phinmaed.com
[2025-05-27 00:44:08] Sent to jg.jonatas.au@phinmaed.com
[2025-05-27 00:44:09] Sent to jg.jonatas.au@phinmaed.com
[2025-05-27 00:44:10] Sent to jg.jonatas.au@phinmaed.com
[2025-05-27 00:44:13] Sent to jg.jonatas.au@phinmaed.com
[2025-05-27 00:44:13] Sent to jg.jonatas.au@phinmaed.com
[2025-05-27 00:44:14] Sent to jg.jonatas.au@phinmaed.com
[2025-05-27 00:44:14] Sent to jg.jonatas.au@phinmaed.com
[2025-05-27 00:44:15] Sent to jg.jonatas.au@phinmaed.com
[2025-05-27 00:44:16] Sent to jg.jonatas.au@phinmaed.com
[2025-05-27 00:44:16] Sent to jg.jonatas.au@phinmaed.com
[2025-05-27 00:44:17] Sent to jg.jonatas.au@phinmaed.com
[2025-05-27 00:44:17] Sent to jg.jonatas.au@phinmaed.com
[2025-05-27 00:44:18] Sent to jg.jonatas.au@phinmaed.com
[2025-05-27 00:44:18] Sent to jg.jonatas.au@phinmaed.com
[2025-05-27 00:44:19] Sent to jg.jonatas.au@phinmaed.com
[2025-05-27 00:44:19] Sent to jg.jonatas.au@phinmaed.com
[2025-05-27 00:44:20] Sent to jg.jonatas.au@phinmaed.com
[2025-05-27 00:44:20] Sent to jg.jonatas.au@phinmaed.com
[2025-05-27 00:44:22] Sent to jg.jonatas.au@phinmaed.com
[2025-05-27 00:44:21] Sent to jg.jonatas.au@phinmaed.com
[2025-05-27 00:44:23] Sent to jg.jonatas.au@phinmaed.com
[2025-05-27 00:44:23] Sent to jg.jonatas.au@phinmaed.com
[2025-05-27 00:44:24] Sent to jg.jonatas.au@phinmaed.com
[2025-05-27 00:44:25] Sent to jg.jonatas.au@phinmaed.com
[2025-05-27 00:44:25] Sent to jg.jonatas.au@phinmaed.com
[2025-05-27 00:44:26] Sent to jg.jonatas.au@phinmaed.com
[2025-05-27 00:44:27] Sent to jg.jonatas.au@phinmaed.com
[2025-05-27 00:44:27] Sent to jg.jonatas.au@phinmaed.com
[2025-05-27 00:44:28] Sent to jg.jonatas.au@phinmaed.com
[2025-05-27 00:44:28] Sent to jg.jonatas.au@phinmaed.com
[2025-05-27 00:44:29] Sent to jg.jonatas.au@phinmaed.com
[2025-05-27 00:44:29] Sent to jg.jonatas.au@phinmaed.com
[2025-05-27 00:44:30] Sent to jg.jonatas.au@phinmaed.com
[2025-05-27 00:44:30] Sent to jg.jonatas.au@phinmaed.com
[2025-05-27 00:44:31] Sent to jg.jonatas.au@phinmaed.com
[2025-05-27 00:44:31] Sent to jg.jonatas.au@phinmaed.com
[2025-05-27 00:44:32] Sent to jg.jonatas.au@phinmaed.com
[2025-05-27 00:44:33] Sent to jg.jonatas.au@phinmaed.com
[2025-05-27 00:44:33] Sent to jg.jonatas.au@phinmaed.com
[2025-05-27 00:44:34] Sent to jg.jonatas.au@phinmaed.com
[2025-05-27 00:44:34] Sent to jg.jonatas.au@phinmaed.com
[2025-05-27 00:44:35] Sent to jg.jonatas.au@phinmaed.com
[2025-05-27 00:44:35] Sent to jg.jonatas.au@phinmaed.com
[2025-05-27 00:44:36] Sent to jg.jonatas.au@phinmaed.com
[2025-05-27 00:44:36] Sent to jg.jonatas.au@phinmaed.com
[2025-05-27 00:44:37] Sent to jg.jonatas.au@phinmaed.com
[2025-05-27 00:44:38] Sent to jg.jonatas.au@phinmaed.com
[2025-05-27 00:44:38] Sent to jg.jonatas.au@phinmaed.com
[2025-05-27 00:44:39] Sent to jg.jonatas.au@phinmaed.com
[2025-05-27 00:44:40] Sent to jg.jonatas.au@phinmaed.com
[2025-05-27 00:44:41] Sent to jg.jonatas.au@phinmaed.com
[2025-05-27 00:44:41] Sent to jg.jonatas.au@phinmaed.com
[2025-05-27 00:44:42] Sent to jg.jonatas.au@phinmaed.com
[2025-05-27 00:44:42] Sent to jg.jonatas.au@phinmaed.com
[2025-05-27 00:44:43] Sent to jg.jonatas.au@phinmaed.com
[2025-05-27 00:44:44] Sent to jg.jonatas.au@phinmaed.com
[2025-05-27 00:44:45] Sent to jg.jonatas.au@phinmaed.com
[2025-05-27 00:44:44] Sent to jg.jonatas.au@phinmaed.com
[2025-05-27 00:44:47] Sent to jg.jonatas.au@phinmaed.com
[2025-05-27 00:44:46] Sent to jg.jonatas.au@phinmaed.com
[2025-05-27 00:44:48] Sent to jg.jonatas.au@phinmaed.com
[2025-05-27 00:44:49] Sent to jg.jonatas.au@phinmaed.com
[2025-05-27 00:44:48] Sent to jg.jonatas.au@phinmaed.com
[2025-05-27 00:44:50] Sent to jg.jonatas.au@phinmaed.com
[2025-05-27 00:44:50] Sent to jg.jonatas.au@phinmaed.com
[2025-05-27 00:44:52] Sent to jg.jonatas.au@phinmaed.com
[2025-05-27 00:44:51] Sent to jg.jonatas.au@phinmaed.com
[2025-05-27 00:44:53] Sent to jg.jonatas.au@phinmaed.com
[2025-05-27 00:44:53] Sent to jg.jonatas.au@phinmaed.com
[2025-05-27 00:44:54] Sent to jg.jonatas.au@phinmaed.com
[2025-05-27 00:44:55] Sent to jg.jonatas.au@phinmaed.com
[2025-05-27 00:44:56] Sent to jg.jonatas.au@phinmaed.com
[2025-05-27 00:44:56] Sent to jg.jonatas.au@phinmaed.com
[2025-05-27 00:44:57] Sent to jg.jonatas.au@phinmaed.com
[2025-05-27 00:44:58] Sent to jg.jonatas.au@phinmaed.com
[2025-05-27 00:44:57] Sent to jg.jonatas.au@phinmaed.com
[2025-05-27 00:44:59] Sent to jg.jonatas.au@phinmaed.com
[2025-05-27 00:44:59] Sent to jg.jonatas.au@phinmaed.com
[2025-05-27 00:45:00] Sent to jg.jonatas.au@phinmaed.com
[2025-05-27 00:45:02] Sent to jg.jonatas.au@phinmaed.com
[2025-05-27 00:45:00] Sent to jg.jonatas.au@phinmaed.com
[2025-05-27 00:45:03] Sent to jg.jonatas.au@phinmaed.com
[2025-05-27 00:45:03] Sent to jg.jonatas.au@phinmaed.com
[2025-05-27 00:45:04] Sent to jg.jonatas.au@phinmaed.com
[2025-05-27 00:45:04] Sent to jg.jonatas.au@phinmaed.com
[2025-05-27 00:45:05] Sent to jg.jonatas.au@phinmaed.com
[2025-05-27 00:45:06] Sent to jg.jonatas.au@phinmaed.com
[2025-05-27 00:45:06] Sent to jg.jonatas.au@phinmaed.com
[2025-05-27 00:45:07] Sent to jg.jonatas.au@phinmaed.com
[2025-05-27 00:45:07] Sent to jg.jonatas.au@phinmaed.com
[2025-05-27 00:45:08] Sent to jg.jonatas.au@phinmaed.com
[2025-05-27 00:45:09] Sent to jg.jonatas.au@phinmaed.com
[2025-05-27 00:45:10] Sent to jg.jonatas.au@phinmaed.com
[2025-05-27 00:45:10] Sent to jg.jonatas.au@phinmaed.com
[2025-05-27 00:45:11] Sent to jg.jonatas.au@phinmaed.com
[2025-05-27 00:45:11] Sent to jg.jonatas.au@phinmaed.com
[2025-05-27 00:45:12] Sent to jg.jonatas.au@phinmaed.com
[2025-05-27 00:45:13] Sent to jg.jonatas.au@phinmaed.com
[2025-05-27 00:45:13] Sent to jg.jonatas.au@phinmaed.com
[2025-05-27 00:45:14] Sent to jg.jonatas.au@phinmaed.com
[2025-05-27 00:45:15] Sent to jg.jonatas.au@phinmaed.com
[2025-05-27 00:45:14] Sent to jg.jonatas.au@phinmaed.com
[2025-05-27 00:45:16] Sent to jg.jonatas.au@phinmaed.com
[2025-05-27 00:45:17] Sent to jg.jonatas.au@phinmaed.com
[2025-05-27 00:45:17] Sent to jg.jonatas.au@phinmaed.com
[2025-05-27 00:45:18] Sent to jg.jonatas.au@phinmaed.com
[2025-05-27 00:48:50] Sent to jg.jonatas.au@phinmaed.com
[2025-05-27 00:51:11] Sent to jg.jonatas.au@phinmaed.com
[2025-05-27 00:51:12] Sent to jg.jonatas.au@phinmaed.com
[2025-05-27 00:51:13] Sent to jg.jonatas.au@phinmaed.com
[2025-05-27 00:51:14] Sent to jg.jonatas.au@phinmaed.com
[2025-05-27 00:51:15] Sent to jg.jonatas.au@phinmaed.com
[2025-05-27 00:51:16] Sent to jg.jonatas.au@phinmaed.com
[2025-05-27 00:51:17] Sent to jg.jonatas.au@phinmaed.com
[2025-05-27 00:51:18] Sent to jg.jonatas.au@phinmaed.com
[2025-05-27 00:51:20] Sent to jg.jonatas.au@phinmaed.com
[2025-05-27 00:51:21] Sent to jg.jonatas.au@phinmaed.com
[2025-05-27 00:51:22] Sent to jg.jonatas.au@phinmaed.com
[2025-05-27 00:51:23] Sent to jg.jonatas.au@phinmaed.com
[2025-05-27 00:51:24] Sent to jg.jonatas.au@phinmaed.com
[2025-05-27 00:51:25] Sent to jg.jonatas.au@phinmaed.com
[2025-05-27 00:51:27] Sent to jg.jonatas.au@phinmaed.com
[2025-05-27 00:51:29] Sent to jg.jonatas.au@phinmaed.com
[2025-05-27 00:51:30] Sent to jg.jonatas.au@phinmaed.com
[2025-05-27 00:51:31] Sent to jg.jonatas.au@phinmaed.com
[2025-05-27 00:51:32] Sent to jg.jonatas.au@phinmaed.com
[2025-05-27 00:51:33] Sent to jg.jonatas.au@phinmaed.com
[2025-05-27 00:51:34] Sent to jg.jonatas.au@phinmaed.com
[2025-05-27 00:51:35] Sent to jg.jonatas.au@phinmaed.com
[2025-05-27 00:51:36] Sent to jg.jonatas.au@phinmaed.com
[2025-05-27 00:51:38] Sent to jg.jonatas.au@phinmaed.com
[2025-05-27 00:51:39] Sent to jg.jonatas.au@phinmaed.com
[2025-05-27 00:51:40] Sent to jg.jonatas.au@phinmaed.com
[2025-05-27 00:51:41] Sent to jg.jonatas.au@phinmaed.com
[2025-05-27 00:51:42] Sent to jg.jonatas.au@phinmaed.com
[2025-05-27 00:51:43] Sent to jg.jonatas.au@phinmaed.com
[2025-05-27 00:51:45] Sent to jg.jonatas.au@phinmaed.com
[2025-05-27 00:51:46] Sent to jg.jonatas.au@phinmaed.com
[2025-05-27 00:51:47] Sent to jg.jonatas.au@phinmaed.com
[2025-05-27 00:51:48] Sent to jg.jonatas.au@phinmaed.com
[2025-05-27 00:51:49] Sent to jg.jonatas.au@phinmaed.com
[2025-05-27 00:51:50] Sent to jg.jonatas.au@phinmaed.com
[2025-05-27 00:51:52] Sent to jg.jonatas.au@phinmaed.com
[2025-05-27 00:51:53] Sent to jg.jonatas.au@phinmaed.com
[2025-05-27 00:51:54] Sent to jg.jonatas.au@phinmaed.com
[2025-05-27 00:51:55] Sent to jg.jonatas.au@phinmaed.com
[2025-05-27 00:51:56] Sent to jg.jonatas.au@phinmaed.com
[2025-05-27 00:51:57] Sent to jg.jonatas.au@phinmaed.com
[2025-05-27 00:51:58] Sent to jg.jonatas.au@phinmaed.com
[2025-05-27 00:51:59] Sent to jg.jonatas.au@phinmaed.com
[2025-05-27 00:52:00] Sent to jg.jonatas.au@phinmaed.com
[2025-05-27 00:52:01] Sent to jg.jonatas.au@phinmaed.com
[2025-05-27 00:52:02] Sent to jg.jonatas.au@phinmaed.com
[2025-05-27 00:52:03] Sent to jg.jonatas.au@phinmaed.com
[2025-05-27 00:52:04] Sent to jg.jonatas.au@phinmaed.com
[2025-05-27 00:52:05] Sent to jg.jonatas.au@phinmaed.com
[2025-05-27 00:52:07] Sent to jg.jonatas.au@phinmaed.com
[2025-05-27 00:52:08] Sent to jg.jonatas.au@phinmaed.com
[2025-05-27 00:52:09] Sent to jg.jonatas.au@phinmaed.com
[2025-05-27 00:52:10] Sent to jg.jonatas.au@phinmaed.com
[2025-05-27 00:52:11] Sent to jg.jonatas.au@phinmaed.com
[2025-05-27 00:52:12] Sent to jg.jonatas.au@phinmaed.com
[2025-05-27 00:52:13] Sent to jg.jonatas.au@phinmaed.com
[2025-05-27 00:52:15] Sent to jg.jonatas.au@phinmaed.com
[2025-05-27 00:52:16] Sent to jg.jonatas.au@phinmaed.com
[2025-05-27 00:52:17] Sent to jg.jonatas.au@phinmaed.com
[2025-05-27 00:52:18] Sent to jg.jonatas.au@phinmaed.com
[2025-05-27 00:52:19] Sent to jg.jonatas.au@phinmaed.com
[2025-05-27 00:52:20] Sent to jg.jonatas.au@phinmaed.com
[2025-05-27 00:52:21] Sent to jg.jonatas.au@phinmaed.com
[2025-05-27 00:52:22] Sent to jg.jonatas.au@phinmaed.com
[2025-05-27 00:52:23] Sent to jg.jonatas.au@phinmaed.com
[2025-05-27 00:52:24] Sent to jg.jonatas.au@phinmaed.com
[2025-05-27 00:52:25] Sent to jg.jonatas.au@phinmaed.com
[2025-05-27 00:52:26] Sent to jg.jonatas.au@phinmaed.com
[2025-05-27 00:52:27] Sent to jg.jonatas.au@phinmaed.com
[2025-05-27 00:52:28] Sent to jg.jonatas.au@phinmaed.com
[2025-05-27 00:52:30] Sent to jg.jonatas.au@phinmaed.com
[2025-05-27 00:52:31] Sent to jg.jonatas.au@phinmaed.com
[2025-05-27 00:52:33] Sent to jg.jonatas.au@phinmaed.com
[2025-05-27 00:52:34] Sent to jg.jonatas.au@phinmaed.com
[2025-05-27 00:52:35] Sent to jg.jonatas.au@phinmaed.com
[2025-05-27 00:52:37] Sent to jg.jonatas.au@phinmaed.com
[2025-05-27 00:52:38] Sent to jg.jonatas.au@phinmaed.com
[2025-05-27 00:52:39] Sent to jg.jonatas.au@phinmaed.com
[2025-05-27 00:52:40] Sent to jg.jonatas.au@phinmaed.com
[2025-05-27 00:52:41] Sent to jg.jonatas.au@phinmaed.com
[2025-05-27 00:52:42] Sent to jg.jonatas.au@phinmaed.com
[2025-05-27 00:52:43] Sent to jg.jonatas.au@phinmaed.com
[2025-05-27 00:52:44] Sent to jg.jonatas.au@phinmaed.com
[2025-05-27 00:52:45] Sent to jg.jonatas.au@phinmaed.com
[2025-05-27 00:52:46] Sent to jg.jonatas.au@phinmaed.com
[2025-05-27 00:52:47] Sent to jg.jonatas.au@phinmaed.com
[2025-05-27 00:52:48] Sent to jg.jonatas.au@phinmaed.com
[2025-05-27 01:09:24] Sent to jg.jonatas.au@phinmaed.com
[2025-05-27 01:09:24] Sent to jg.jonatas.au@phinmaed.com
[2025-05-27 01:09:25] Sent to jg.jonatas.au@phinmaed.com
[2025-05-27 01:09:26] Sent to jg.jonatas.au@phinmaed.com
[2025-05-27 01:09:27] Sent to jg.jonatas.au@phinmaed.com
[2025-05-27 01:09:27] Sent to jg.jonatas.au@phinmaed.com
[2025-05-27 01:09:28] Sent to jg.jonatas.au@phinmaed.com
[2025-05-27 01:09:29] Sent to jg.jonatas.au@phinmaed.com
[2025-05-27 01:09:30] Sent to jg.jonatas.au@phinmaed.com
[2025-05-27 01:09:31] Sent to jg.jonatas.au@phinmaed.com
[2025-05-27 01:09:31] Sent to jg.jonatas.au@phinmaed.com
[2025-05-27 01:09:32] Sent to jg.jonatas.au@phinmaed.com
[2025-05-27 01:09:33] Sent to jg.jonatas.au@phinmaed.com
[2025-05-27 01:09:33] Sent to jg.jonatas.au@phinmaed.com
[2025-05-27 01:09:34] Sent to jg.jonatas.au@phinmaed.com
[2025-05-27 01:09:35] Sent to jg.jonatas.au@phinmaed.com
[2025-05-27 01:09:35] Sent to jg.jonatas.au@phinmaed.com
[2025-05-27 01:09:36] Sent to jg.jonatas.au@phinmaed.com
[2025-05-27 01:09:37] Sent to jg.jonatas.au@phinmaed.com
[2025-05-27 01:09:38] Sent to jg.jonatas.au@phinmaed.com
[2025-05-27 01:09:39] Sent to jg.jonatas.au@phinmaed.com
[2025-05-27 01:09:40] Sent to jg.jonatas.au@phinmaed.com
[2025-05-27 01:09:40] Sent to jg.jonatas.au@phinmaed.com
[2025-05-27 01:09:41] Sent to jg.jonatas.au@phinmaed.com
[2025-05-27 01:09:42] Sent to jg.jonatas.au@phinmaed.com
[2025-05-27 01:09:42] Sent to jg.jonatas.au@phinmaed.com
[2025-05-27 01:09:43] Sent to jg.jonatas.au@phinmaed.com
[2025-05-27 01:09:44] Sent to jg.jonatas.au@phinmaed.com
[2025-05-27 01:09:45] Sent to jg.jonatas.au@phinmaed.com
[2025-05-27 01:09:45] Sent to jg.jonatas.au@phinmaed.com
[2025-05-27 01:09:46] Sent to jg.jonatas.au@phinmaed.com
[2025-05-27 01:09:47] Sent to jg.jonatas.au@phinmaed.com
[2025-05-27 01:09:47] Sent to jg.jonatas.au@phinmaed.com
[2025-05-27 01:09:48] Sent to jg.jonatas.au@phinmaed.com
[2025-05-27 01:09:49] Sent to jg.jonatas.au@phinmaed.com
[2025-05-27 01:09:50] Sent to jg.jonatas.au@phinmaed.com
[2025-05-27 01:09:50] Sent to jg.jonatas.au@phinmaed.com
[2025-05-27 01:09:51] Sent to jg.jonatas.au@phinmaed.com
[2025-05-27 01:09:52] Sent to jg.jonatas.au@phinmaed.com
[2025-05-27 01:09:53] Sent to jg.jonatas.au@phinmaed.com
[2025-05-27 01:09:53] Sent to jg.jonatas.au@phinmaed.com
[2025-05-27 01:09:54] Sent to jg.jonatas.au@phinmaed.com
[2025-05-27 01:09:55] Sent to jg.jonatas.au@phinmaed.com
[2025-05-27 01:09:56] Sent to jg.jonatas.au@phinmaed.com
[2025-05-27 01:09:57] Sent to jg.jonatas.au@phinmaed.com
[2025-05-27 01:09:57] Sent to jg.jonatas.au@phinmaed.com
[2025-05-27 01:09:58] Sent to jg.jonatas.au@phinmaed.com
[2025-05-27 01:09:59] Sent to jg.jonatas.au@phinmaed.com
[2025-05-27 01:10:00] Sent to jg.jonatas.au@phinmaed.com
[2025-05-27 01:10:00] Sent to jg.jonatas.au@phinmaed.com
[2025-05-27 01:10:01] Sent to jg.jonatas.au@phinmaed.com
[2025-05-27 01:10:02] Sent to jg.jonatas.au@phinmaed.com
[2025-05-27 01:10:02] Sent to jg.jonatas.au@phinmaed.com
[2025-05-27 01:10:03] Sent to jg.jonatas.au@phinmaed.com
[2025-05-27 01:10:04] Sent to jg.jonatas.au@phinmaed.com
[2025-05-27 01:10:05] Sent to jg.jonatas.au@phinmaed.com
[2025-05-27 01:10:05] Sent to jg.jonatas.au@phinmaed.com
[2025-05-27 01:10:06] Sent to jg.jonatas.au@phinmaed.com
[2025-05-27 01:10:07] Sent to jg.jonatas.au@phinmaed.com
[2025-05-27 01:10:08] Sent to jg.jonatas.au@phinmaed.com
[2025-05-27 01:10:08] Sent to jg.jonatas.au@phinmaed.com
[2025-05-27 01:10:09] Sent to jg.jonatas.au@phinmaed.com
[2025-05-27 01:10:10] Sent to jg.jonatas.au@phinmaed.com
[2025-05-27 01:10:11] Sent to jg.jonatas.au@phinmaed.com
[2025-05-27 01:10:11] Sent to jg.jonatas.au@phinmaed.com
[2025-05-27 01:10:12] Sent to jg.jonatas.au@phinmaed.com
[2025-05-27 01:10:13] Sent to jg.jonatas.au@phinmaed.com
[2025-05-27 01:10:14] Sent to jg.jonatas.au@phinmaed.com
[2025-05-27 01:10:14] Sent to jg.jonatas.au@phinmaed.com
[2025-05-27 01:10:15] Sent to jg.jonatas.au@phinmaed.com
[2025-05-27 01:10:16] Sent to jg.jonatas.au@phinmaed.com
[2025-05-27 01:10:17] Sent to jg.jonatas.au@phinmaed.com
[2025-05-27 01:10:18] Sent to jg.jonatas.au@phinmaed.com
[2025-05-27 01:10:18] Sent to jg.jonatas.au@phinmaed.com
[2025-05-27 01:10:19] Sent to jg.jonatas.au@phinmaed.com
[2025-05-27 01:10:20] Sent to jg.jonatas.au@phinmaed.com
[2025-05-27 01:10:21] Sent to jg.jonatas.au@phinmaed.com
[2025-05-27 01:10:21] Sent to jg.jonatas.au@phinmaed.com
[2025-05-27 01:10:22] Sent to jg.jonatas.au@phinmaed.com
[2025-05-27 01:10:23] Sent to jg.jonatas.au@phinmaed.com
[2025-05-27 01:10:23] Sent to jg.jonatas.au@phinmaed.com
[2025-05-27 01:10:24] Sent to jg.jonatas.au@phinmaed.com
[2025-05-27 01:10:25] Sent to jg.jonatas.au@phinmaed.com
[2025-05-27 01:10:26] Sent to jg.jonatas.au@phinmaed.com
[2025-05-27 01:10:27] Sent to jg.jonatas.au@phinmaed.com
[2025-05-27 01:10:27] Sent to jg.jonatas.au@phinmaed.com
[2025-05-27 01:10:28] Sent to jg.jonatas.au@phinmaed.com
[2025-05-27 01:10:29] Sent to jg.jonatas.au@phinmaed.com
[2025-05-27 01:10:29] Sent to jg.jonatas.au@phinmaed.com
[2025-05-27 01:10:30] Sent to jg.jonatas.au@phinmaed.com
[2025-05-27 01:10:31] Sent to jg.jonatas.au@phinmaed.com
[2025-05-27 01:10:32] Sent to jg.jonatas.au@phinmaed.com
[2025-05-27 01:10:32] Sent to jg.jonatas.au@phinmaed.com
[2025-05-27 01:10:33] Sent to jg.jonatas.au@phinmaed.com
[2025-05-27 01:10:34] Sent to jg.jonatas.au@phinmaed.com
[2025-05-27 01:10:35] Sent to jg.jonatas.au@phinmaed.com
[2025-05-27 01:10:35] Sent to jg.jonatas.au@phinmaed.com
[2025-05-27 01:10:36] Sent to jg.jonatas.au@phinmaed.com
[2025-05-27 01:10:37] Sent to jg.jonatas.au@phinmaed.com
[2025-05-27 01:10:37] Sent to jg.jonatas.au@phinmaed.com
[2025-05-27 01:10:38] Sent to jg.jonatas.au@phinmaed.com
[2025-05-27 10:44:45] Sent to jg.jonatas.au@phinmaed.com
[2025-05-27 11:01:57] Sent to jg.jonatas.au@phinmaed.com
[2025-05-27 11:05:11] Sent to jg.jonatas.au@phinmaed.com
[2025-05-27 23:24:21] Sent to jg.jonatas.au@phinmaed.com
[2025-05-28 00:24:33] Sent to jg.jonatas.au@phinmaed.com
[2025-05-29 03:51:47] Sent to jg.jonatas.au@phinmaed.com
[2025-05-29 03:51:47] Sent to rueda.antonl@gmail.com
[2025-05-29 03:51:47] Sent to jogo.delavega.au@phinmaed.com
[2025-05-31 12:26:46] Sent to rueda.antonl@gmail.com
[2025-05-31 12:26:46] Sent to jogo.delavega.au@phinmaed.com
[2025-05-31 12:26:46] Sent to jg.jonatas.au@phinmaed.com
[2025-05-31 12:27:42] Sent to rueda.antonl@gmail.com
[2025-05-31 12:27:44] Sent to rueda.antonl@gmail.com
[2025-05-31 12:27:42] Sent to jogo.delavega.au@phinmaed.com
[2025-05-31 12:27:44] Sent to jogo.delavega.au@phinmaed.com
[2025-05-31 12:27:45] Sent to rueda.antonl@gmail.com
[2025-05-31 12:27:42] Sent to jg.jonatas.au@phinmaed.com
[2025-05-31 12:27:44] Sent to jg.jonatas.au@phinmaed.com
[2025-05-31 12:27:45] Sent to jogo.delavega.au@phinmaed.com
[2025-05-31 12:27:45] Sent to jg.jonatas.au@phinmaed.com
[2025-05-31 12:30:04] Sent to rueda.antonl@gmail.com
[2025-05-31 12:30:04] Sent to jogo.delavega.au@phinmaed.com
[2025-05-31 12:30:04] Sent to jg.jonatas.au@phinmaed.com
[2025-05-31 12:44:46] Sent to rueda.antonl@gmail.com
[2025-05-31 12:44:46] Sent to jogo.delavega.au@phinmaed.com
[2025-05-31 12:44:49] Sent to rueda.antonl@gmail.com
[2025-05-31 12:44:50] Sent to rueda.antonl@gmail.com
[2025-05-31 12:44:49] Sent to jogo.delavega.au@phinmaed.com
[2025-05-31 12:44:46] Sent to jg.jonatas.au@phinmaed.com
[2025-05-31 12:44:50] Sent to jogo.delavega.au@phinmaed.com
[2025-05-31 12:44:51] Sent to rueda.antonl@gmail.com
[2025-05-31 12:44:51] Sent to rueda.antonl@gmail.com
[2025-05-31 12:44:50] Sent to rueda.antonl@gmail.com
[2025-05-31 12:44:51] Sent to rueda.antonl@gmail.com
[2025-05-31 12:44:50] Sent to jg.jonatas.au@phinmaed.com
[2025-05-31 12:44:49] Sent to jg.jonatas.au@phinmaed.com
[2025-05-31 12:44:51] Sent to jogo.delavega.au@phinmaed.com
[2025-05-31 12:44:50] Sent to jogo.delavega.au@phinmaed.com
[2025-05-31 12:44:51] Sent to jogo.delavega.au@phinmaed.com
[2025-05-31 12:44:51] Sent to jogo.delavega.au@phinmaed.com
[2025-05-31 12:44:51] Sent to jg.jonatas.au@phinmaed.com
[2025-05-31 12:44:50] Sent to jg.jonatas.au@phinmaed.com
[2025-05-31 12:44:51] Sent to jg.jonatas.au@phinmaed.com
[2025-05-31 12:44:51] Sent to jg.jonatas.au@phinmaed.com
[2025-06-01 23:04:52] Sent to rueda.antonl@gmail.com
[2025-06-01 23:04:52] Sent to jogo.delavega.au@phinmaed.com
[2025-06-01 23:04:52] Sent to jg.jonatas.au@phinmaed.com
[2025-06-01 23:04:52] Sent to roma.villareal.au@phinmaed.com
